<?xml version="1.0" encoding="UTF-8"?>
<!-- Generated by org.testng.reporters.JUnitReportReporter -->
<testsuite hostname="DESKTOP-9GJIMJQ" failures="0" tests="1" name="testcase.Testcase" time="1.730" errors="0" timestamp="2023-01-13T20:34:29 CET" skipped="0">
  <testcase classname="testcase.Testcase" name="loginTest" time="1.730"/>
  <system-out/>
</testsuite> <!-- testcase.Testcase -->
